2025-02-16 15:45:40 [[32minfo[39m]: [32mconnected to mongodb[39m
2025-02-16 15:46:01 [[32minfo[39m]: [32mconnect ETIMEDOUT 74.125.133.109:587[39m
2025-02-16 15:46:01 [[32minfo[39m]: [32m[32minfo[32m[39m
2025-02-16 15:46:13 [[31merror[39m]: [31m[31merror[31m[39m
2025-02-16 15:46:15 [[31merror[39m]: [31m[31merror[31m[39m
2025-02-16 15:46:26 [[31merror[39m]: [31m[31merror[31m[39m
2025-02-16 15:47:01 [[32minfo[39m]: [32mconnected to mongodb[39m
2025-02-16 15:47:22 [[32minfo[39m]: [32mconnect ETIMEDOUT 74.125.133.109:587[39m
2025-02-16 15:47:22 [[32minfo[39m]: [32m[32minfo[32m[39m
2025-02-16 15:48:19 [[32minfo[39m]: [32mconnected to mongodb[39m
2025-02-16 15:48:40 [[32minfo[39m]: [32mconnect ETIMEDOUT 74.125.133.109:587[39m
2025-02-16 15:48:40 [[32minfo[39m]: [32m[32minfo[32m[39m
2025-02-16 15:49:07 [[32minfo[39m]: [32mconnected to mongodb[39m
2025-02-16 15:49:28 [[32minfo[39m]: [32mconnect ETIMEDOUT 74.125.133.109:587[39m
2025-02-16 15:49:28 [[32minfo[39m]: [32m[32minfo[32m[39m
2025-02-16 15:50:49 [[32minfo[39m]: [32mconnected to mongodb[39m
2025-02-16 15:51:02 [[32minfo[39m]: [32mconnected to mongodb[39m
2025-02-16 15:51:17 [[32minfo[39m]: [32mconnected to mongodb[39m
2025-02-16 15:51:35 [[32minfo[39m]: [32mconnected to mongodb[39m
2025-02-16 15:51:57 [[32minfo[39m]: [32mconnect ETIMEDOUT 74.125.133.109:587[39m
2025-02-16 15:51:57 [[32minfo[39m]: [32m[32minfo[32m[39m
2025-02-16 15:52:09 [[32minfo[39m]: [32mconnected to mongodb[39m
2025-02-16 15:52:30 [[32minfo[39m]: [32mconnect ETIMEDOUT 74.125.133.109:587[39m
2025-02-16 15:52:30 [[32minfo[39m]: [32m[32minfo[32m[39m
2025-02-16 15:52:32 [[31merror[39m]: [31m[31merror[31m[39m
2025-02-16 15:52:52 [[32minfo[39m]: [32mconnected to mongodb[39m
2025-02-16 15:53:14 [[32minfo[39m]: [32mconnect ETIMEDOUT 74.125.133.109:587[39m
2025-02-16 15:53:14 [[32minfo[39m]: [32m[32minfo[32m[39m
2025-02-16 15:54:58 [[32minfo[39m]: [32mconnected to mongodb[39m
2025-02-16 15:55:20 [[32minfo[39m]: [32mconnect ETIMEDOUT 74.125.133.109:587[39m
2025-02-16 15:55:20 [[32minfo[39m]: [32m[32minfo[32m[39m
2025-02-16 15:55:22 [[31merror[39m]: [31m[31merror[31m[39m
2025-02-16 15:56:22 [[32minfo[39m]: [32mconnected to mongodb[39m
2025-02-16 15:56:43 [[32minfo[39m]: [32mconnect ETIMEDOUT 74.125.133.109:587[39m
2025-02-16 15:56:43 [[32minfo[39m]: [32m[32minfo[32m[39m
2025-02-16 16:02:31 [[31merror[39m]: [31m[31merror[31m[39m
2025-02-16 16:03:00 [[32minfo[39m]: [32mconnected to mongodb[39m
2025-02-16 16:03:21 [[32minfo[39m]: [32mconnect ETIMEDOUT 74.125.133.109:587[39m
2025-02-16 16:03:21 [[32minfo[39m]: [32m[32minfo[32m[39m
2025-02-16 16:05:46 [[31merror[39m]: [31m[31merror[31m[39m
2025-02-16 16:06:32 [[32minfo[39m]: [32mconnected to mongodb[39m
2025-02-16 16:06:53 [[32minfo[39m]: [32mconnect ETIMEDOUT 74.125.133.109:587[39m
2025-02-16 16:06:53 [[32minfo[39m]: [32m[32minfo[32m[39m
2025-02-16 16:12:14 [[32minfo[39m]: [32mconnected to mongodb[39m
2025-02-16 16:12:36 [[32minfo[39m]: [32mconnect ETIMEDOUT 74.125.133.109:587[39m
2025-02-16 16:12:36 [[32minfo[39m]: [32m[32minfo[32m[39m
2025-02-16 16:17:27 [[31merror[39m]: [31m[31merror[31m[39m
2025-02-16 16:17:56 [[32minfo[39m]: [32mconnected to mongodb[39m
2025-02-16 16:18:17 [[32minfo[39m]: [32mconnect ETIMEDOUT 74.125.133.109:587[39m
2025-02-16 16:18:17 [[32minfo[39m]: [32m[32minfo[32m[39m
2025-02-16 16:18:39 [[31merror[39m]: [31m[31merror[31m[39m
2025-02-16 16:20:33 [[32minfo[39m]: [32mconnected to mongodb[39m
2025-02-16 16:20:54 [[32minfo[39m]: [32mconnect ETIMEDOUT 74.125.133.109:587[39m
2025-02-16 16:20:54 [[32minfo[39m]: [32m[32minfo[32m[39m
2025-02-16 16:24:39 [[32minfo[39m]: [32mconnected to mongodb[39m
2025-02-16 16:24:59 [[32minfo[39m]: [32mconnected to mongodb[39m
2025-02-16 16:25:20 [[32minfo[39m]: [32mconnect ETIMEDOUT 74.125.133.109:587[39m
2025-02-16 16:25:20 [[32minfo[39m]: [32m[32minfo[32m[39m
2025-02-16 16:30:49 [[31merror[39m]: [31m[31merror[31m[39m
2025-02-16 16:31:40 [[32minfo[39m]: [32mconnected to mongodb[39m
2025-02-16 16:32:02 [[32minfo[39m]: [32mconnect ETIMEDOUT 74.125.133.109:587[39m
2025-02-16 16:32:02 [[32minfo[39m]: [32m[32minfo[32m[39m
2025-02-16 16:33:20 [[32minfo[39m]: [32mconnected to mongodb[39m
2025-02-16 16:33:24 [[31merror[39m]: [31m[31merror[31m[39m
2025-02-16 16:33:42 [[32minfo[39m]: [32mconnect ETIMEDOUT 74.125.133.109:587[39m
2025-02-16 16:33:42 [[32minfo[39m]: [32m[32minfo[32m[39m
2025-02-16 16:33:59 [[32minfo[39m]: [32mconnected to mongodb[39m
2025-02-16 16:34:20 [[32minfo[39m]: [32mconnect ETIMEDOUT 74.125.133.109:587[39m
2025-02-16 16:34:20 [[32minfo[39m]: [32m[32minfo[32m[39m
2025-02-16 16:35:47 [[32minfo[39m]: [32mconnected to mongodb[39m
2025-02-16 16:35:50 [[31merror[39m]: [31m[31merror[31m[39m
2025-02-16 16:36:08 [[32minfo[39m]: [32mconnect ETIMEDOUT 74.125.133.109:587[39m
2025-02-16 16:36:08 [[32minfo[39m]: [32m[32minfo[32m[39m
2025-02-16 16:36:23 [[32minfo[39m]: [32mconnected to mongodb[39m
2025-02-16 16:36:44 [[32minfo[39m]: [32mconnect ETIMEDOUT 74.125.133.109:587[39m
2025-02-16 16:36:44 [[32minfo[39m]: [32m[32minfo[32m[39m
2025-02-16 17:26:24 [[31merror[39m]: [31m[31merror[31m[39m
2025-02-16 17:26:28 [[31merror[39m]: [31m[31merror[31m[39m
2025-02-16 17:26:29 [[31merror[39m]: [31m[31merror[31m[39m
2025-02-16 17:26:29 [[31merror[39m]: [31m[31merror[31m[39m
2025-02-16 17:26:54 [[32minfo[39m]: [32mconnected to mongodb[39m
2025-02-16 17:27:03 [[32minfo[39m]: [32mtrue[39m
2025-02-16 17:27:29 [[31merror[39m]: [31m[31merror[31m[39m
2025-02-16 17:27:34 [[31merror[39m]: [31m[31merror[31m[39m
2025-02-16 17:28:15 [[32minfo[39m]: [32mconnected to mongodb[39m
2025-02-16 17:28:27 [[32minfo[39m]: [32mconnected to mongodb[39m
2025-02-16 17:28:33 [[32minfo[39m]: [32mtrue[39m
2025-02-16 17:29:07 [[31merror[39m]: [31m[31merror[31m[39m
2025-02-16 17:34:01 [[32minfo[39m]: [32mconnected to mongodb[39m
2025-02-16 17:34:10 [[32minfo[39m]: [32mtrue[39m
2025-02-16 17:35:15 [[31merror[39m]: [31m[31merror[31m[39m
2025-02-16 17:47:57 [[32minfo[39m]: [32mconnected to mongodb[39m
2025-02-16 17:47:58 [[32minfo[39m]: [32mgetaddrinfo ENOTFOUND smtp.gmail.com[39m
2025-02-16 17:47:58 [[32minfo[39m]: [32m[32minfo[32m[39m
2025-02-16 17:48:03 [[31merror[39m]: [31m[31merror[31m[39m
2025-02-16 17:51:20 [[32minfo[39m]: [32mconnected to mongodb[39m
2025-02-16 17:51:20 [[32minfo[39m]: [32mgetaddrinfo ENOTFOUND smtp.gmail.com[39m
2025-02-16 17:51:20 [[32minfo[39m]: [32m[32minfo[32m[39m
2025-02-16 17:51:43 [[31merror[39m]: [31m[31merror[31m[39m
2025-02-16 17:56:56 [[32minfo[39m]: [32mconnected to mongodb[39m
2025-02-16 17:56:56 [[32minfo[39m]: [32mgetaddrinfo ENOTFOUND smtp.gmail.com[39m
2025-02-16 17:56:56 [[32minfo[39m]: [32m[32minfo[32m[39m
2025-02-16 17:59:30 [[32minfo[39m]: [32mconnected to mongodb[39m
2025-02-16 17:59:31 [[32minfo[39m]: [32mgetaddrinfo ENOTFOUND smtp.gmail.com[39m
2025-02-16 17:59:31 [[32minfo[39m]: [32m[32minfo[32m[39m
2025-02-16 18:07:03 [[32minfo[39m]: [32mconnected to mongodb[39m
2025-02-16 18:07:03 [[32minfo[39m]: [32mgetaddrinfo ENOTFOUND smtp.gmail.com[39m
2025-02-16 18:07:03 [[32minfo[39m]: [32m[32minfo[32m[39m
2025-02-16 18:09:08 [[32minfo[39m]: [32mconnected to mongodb[39m
2025-02-16 18:09:08 [[32minfo[39m]: [32mgetaddrinfo ENOTFOUND smtp.gmail.com[39m
2025-02-16 18:09:08 [[32minfo[39m]: [32m[32minfo[32m[39m
2025-02-16 18:13:54 [[32minfo[39m]: [32mconnected to mongodb[39m
2025-02-16 18:13:54 [[32minfo[39m]: [32mgetaddrinfo ENOTFOUND smtp.gmail.com[39m
2025-02-16 18:13:54 [[32minfo[39m]: [32m[32minfo[32m[39m
2025-02-16 18:17:39 [[32minfo[39m]: [32mconnected to mongodb[39m
2025-02-16 18:18:51 [[32minfo[39m]: [32mqueryA ETIMEOUT smtp.gmail.com[39m
2025-02-16 18:18:51 [[32minfo[39m]: [32m[32minfo[32m[39m
2025-02-16 18:43:14 [[32minfo[39m]: [32mconnected to mongodb[39m
2025-02-16 18:46:52 [[32minfo[39m]: [32mconnected to mongodb[39m
2025-02-16 18:47:06 [[32minfo[39m]: [32mconnected to mongodb[39m
2025-02-16 18:48:48 [[32minfo[39m]: [32mconnected to mongodb[39m
2025-02-16 18:50:11 [[32minfo[39m]: [32mconnected to mongodb[39m
2025-02-16 18:50:43 [[32minfo[39m]: [32mconnected to mongodb[39m
2025-02-16 18:57:50 [[32minfo[39m]: [32mqueryA ETIMEOUT smtp.gmail.com[39m
2025-02-16 18:57:50 [[32minfo[39m]: [32m[32minfo[32m[39m
2025-02-16 19:00:34 [[32minfo[39m]: [32mconnected to mongodb[39m
2025-02-16 19:01:07 [[32minfo[39m]: [32mtrue[39m
2025-02-16 19:05:28 [[32minfo[39m]: [32mconnected to mongodb[39m
2025-02-16 19:06:01 [[32minfo[39m]: [32mtrue[39m
2025-02-16 19:07:27 [[32minfo[39m]: [32mconnected to mongodb[39m
2025-02-16 19:07:37 [[32minfo[39m]: [32mconnected to mongodb[39m
2025-02-16 19:07:40 [[32minfo[39m]: [32mtrue[39m
2025-02-16 19:10:07 [[32minfo[39m]: [32mconnected to mongodb[39m
2025-02-16 19:10:10 [[32minfo[39m]: [32mtrue[39m
2025-02-16 19:12:49 [[32minfo[39m]: [32mconnected to mongodb[39m
2025-02-16 19:12:52 [[32minfo[39m]: [32mtrue[39m
2025-02-16 19:13:51 [[32minfo[39m]: [32mconnected to mongodb[39m
2025-02-16 19:13:54 [[32minfo[39m]: [32mtrue[39m
2025-02-16 22:44:18 [[32minfo[39m]: [32mconnected to mongodb[39m
2025-02-16 22:45:25 [[32minfo[39m]: [32mconnected to mongodb[39m
2025-02-16 22:47:48 [[32minfo[39m]: [32mconnected to mongodb[39m
2025-02-16 22:48:32 [[32minfo[39m]: [32mconnected to mongodb[39m
2025-02-16 22:48:51 [[32minfo[39m]: [32mconnected to mongodb[39m
2025-02-16 22:49:48 [[32minfo[39m]: [32mconnected to mongodb[39m
2025-02-16 22:49:49 [[32minfo[39m]: [32mgetaddrinfo ENOTFOUND smtp.gmail.com[39m
2025-02-16 22:49:49 [[32minfo[39m]: [32m[32minfo[32m[39m
2025-02-16 22:51:45 [[32minfo[39m]: [32mconnected to mongodb[39m
2025-02-16 22:57:01 [[32minfo[39m]: [32mqueryA ETIMEOUT smtp.gmail.com[39m
2025-02-16 22:57:01 [[32minfo[39m]: [32m[32minfo[32m[39m
2025-02-16 23:22:37 [[32minfo[39m]: [32mconnected to mongodb[39m
2025-02-16 23:22:39 [[32minfo[39m]: [32mtrue[39m
2025-02-16 23:23:00 [[32minfo[39m]: [32mconnected to mongodb[39m
2025-02-16 23:23:02 [[32minfo[39m]: [32mtrue[39m
2025-02-16 23:30:02 [[32minfo[39m]: [32mconnected to mongodb[39m
2025-02-16 23:30:05 [[32minfo[39m]: [32mtrue[39m
2025-02-16 23:32:34 [[32minfo[39m]: [32mconnected to mongodb[39m
2025-02-16 23:32:37 [[32minfo[39m]: [32mtrue[39m
2025-02-17 12:22:28 [[32minfo[39m]: [32mconnected to mongodb[39m
2025-02-17 12:22:51 [[32minfo[39m]: [32mtrue[39m
2025-02-17 12:24:49 [[31merror[39m]: [31m[31merror[31m[39m
2025-02-17 12:28:47 [[32minfo[39m]: [32mconnected to mongodb[39m
2025-02-17 12:29:47 [[32minfo[39m]: [32mconnect ETIMEDOUT 64.233.167.109:587[39m
2025-02-17 12:29:47 [[32minfo[39m]: [32m[32minfo[32m[39m
2025-02-17 12:29:51 [[31merror[39m]: [31m[31merror[31m[39m
2025-02-17 12:31:27 [[32minfo[39m]: [32mconnected to mongodb[39m
2025-02-17 12:37:25 [[32minfo[39m]: [32mconnected to mongodb[39m
2025-02-17 12:37:28 [[32minfo[39m]: [32mtrue[39m
2025-02-17 12:38:28 [[32minfo[39m]: [32mconnected to mongodb[39m
2025-02-17 12:38:30 [[32minfo[39m]: [32mtrue[39m
2025-02-17 12:42:21 [[31merror[39m]: [31m[31merror[31m[39m
2025-02-17 19:55:39 [[32minfo[39m]: [32mconnected to mongodb[39m
2025-02-17 19:55:39 [[32minfo[39m]: [32mgetaddrinfo ENOTFOUND smtp.gmail.com[39m
2025-02-17 19:55:39 [[32minfo[39m]: [32m[32minfo[32m[39m
2025-02-17 19:59:14 [[32minfo[39m]: [32mconnected to mongodb[39m
2025-02-17 19:59:14 [[32minfo[39m]: [32mgetaddrinfo ENOTFOUND smtp.gmail.com[39m
2025-02-17 19:59:14 [[32minfo[39m]: [32m[32minfo[32m[39m
2025-02-17 20:01:57 [[31merror[39m]: [31m[31merror[31m[39m
2025-02-17 20:02:43 [[32minfo[39m]: [32mconnected to mongodb[39m
2025-02-17 20:02:43 [[32minfo[39m]: [32mgetaddrinfo ENOTFOUND smtp.gmail.com[39m
2025-02-17 20:02:43 [[32minfo[39m]: [32m[32minfo[32m[39m
2025-02-17 20:03:31 [[32minfo[39m]: [32mconnected to mongodb[39m
2025-02-17 20:03:31 [[32minfo[39m]: [32mgetaddrinfo ENOTFOUND smtp.gmail.com[39m
2025-02-17 20:03:31 [[32minfo[39m]: [32m[32minfo[32m[39m
2025-02-17 20:29:07 [[32minfo[39m]: [32mconnected to mongodb[39m
2025-02-17 20:29:08 [[32minfo[39m]: [32mgetaddrinfo ENOTFOUND smtp.gmail.com[39m
2025-02-17 20:29:08 [[32minfo[39m]: [32m[32minfo[32m[39m
2025-02-17 20:31:23 [[32minfo[39m]: [32mconnected to mongodb[39m
2025-02-17 20:31:23 [[32minfo[39m]: [32mgetaddrinfo ENOTFOUND smtp.gmail.com[39m
2025-02-17 20:31:23 [[32minfo[39m]: [32m[32minfo[32m[39m
2025-02-17 20:32:48 [[32minfo[39m]: [32mconnected to mongodb[39m
2025-02-17 20:32:59 [[32minfo[39m]: [32mconnected to mongodb[39m
2025-02-17 20:32:59 [[32minfo[39m]: [32mgetaddrinfo ENOTFOUND smtp.gmail.com[39m
2025-02-17 20:32:59 [[32minfo[39m]: [32m[32minfo[32m[39m
2025-02-17 20:33:13 [[32minfo[39m]: [32mconnected to mongodb[39m
2025-02-17 20:33:13 [[32minfo[39m]: [32mgetaddrinfo ENOTFOUND smtp.gmail.com[39m
2025-02-17 20:33:13 [[32minfo[39m]: [32m[32minfo[32m[39m
2025-02-17 20:34:15 [[31merror[39m]: [31m[31merror[31m[39m
2025-02-17 20:35:07 [[31merror[39m]: [31m[31merror[31m[39m
2025-02-17 20:36:44 [[32minfo[39m]: [32mconnected to mongodb[39m
2025-02-17 20:36:44 [[32minfo[39m]: [32mgetaddrinfo ENOTFOUND smtp.gmail.com[39m
2025-02-17 20:36:44 [[32minfo[39m]: [32m[32minfo[32m[39m
2025-02-17 20:38:39 [[31merror[39m]: [31m[31merror[31m[39m
2025-02-17 20:39:23 [[32minfo[39m]: [32mconnected to mongodb[39m
2025-02-17 20:39:23 [[32minfo[39m]: [32mgetaddrinfo ENOTFOUND smtp.gmail.com[39m
2025-02-17 20:39:23 [[32minfo[39m]: [32m[32minfo[32m[39m
2025-02-17 20:39:51 [[32minfo[39m]: [32mconnected to mongodb[39m
2025-02-17 20:39:51 [[32minfo[39m]: [32mgetaddrinfo ENOTFOUND smtp.gmail.com[39m
2025-02-17 20:39:51 [[32minfo[39m]: [32m[32minfo[32m[39m
2025-02-17 20:40:17 [[31merror[39m]: [31m[31merror[31m[39m
2025-02-17 20:41:23 [[32minfo[39m]: [32mconnected to mongodb[39m
2025-02-17 20:41:23 [[32minfo[39m]: [32mgetaddrinfo ENOTFOUND smtp.gmail.com[39m
2025-02-17 20:41:23 [[32minfo[39m]: [32m[32minfo[32m[39m
2025-02-17 20:45:00 [[31merror[39m]: [31m[31merror[31m[39m
2025-02-17 20:45:49 [[31merror[39m]: [31m[31merror[31m[39m
2025-02-17 20:46:43 [[31merror[39m]: [31m[31merror[31m[39m
2025-02-18 10:27:10 [[31merror[39m]: [31m[31merror[31m[39m
2025-02-18 10:32:39 [[32minfo[39m]: [32mconnected to mongodb[39m
2025-02-18 10:33:10 [[31merror[39m]: [31m[31merror[31m[39m
2025-02-18 10:33:10 [[32minfo[39m]: [32mqueryAaaa ETIMEOUT smtp.gmail.com[39m
2025-02-18 10:33:10 [[32minfo[39m]: [32m[32minfo[32m[39m
2025-02-18 10:34:10 [[31merror[39m]: [31m[31merror[31m[39m
2025-02-18 10:38:15 [[31merror[39m]: [31m[31merror[31m[39m
2025-02-18 11:02:10 [[31merror[39m]: [31m[31merror[31m[39m
2025-02-18 11:02:13 [[31merror[39m]: [31m[31merror[31m[39m
2025-02-18 11:56:54 [[31merror[39m]: [31m[31merror[31m[39m
2025-02-18 12:04:16 [[32minfo[39m]: [32mconnected to mongodb[39m
2025-02-18 12:04:22 [[32minfo[39m]: [32mtrue[39m
2025-02-18 12:04:35 [[31merror[39m]: [31m[31merror[31m[39m
2025-02-18 12:13:19 [[32minfo[39m]: [32mconnected to mongodb[39m
2025-02-18 12:13:21 [[32minfo[39m]: [32mtrue[39m
2025-02-18 12:15:00 [[32minfo[39m]: [32mconnected to mongodb[39m
2025-02-18 12:15:10 [[32minfo[39m]: [32mtrue[39m
2025-02-18 12:39:42 [[32minfo[39m]: [32mconnected to mongodb[39m
2025-02-18 12:39:47 [[32minfo[39m]: [32mtrue[39m
2025-02-18 12:43:56 [[32minfo[39m]: [32mconnected to mongodb[39m
2025-02-18 12:44:14 [[32minfo[39m]: [32mconnected to mongodb[39m
2025-02-18 12:44:29 [[32minfo[39m]: [32mtrue[39m
2025-02-18 12:48:31 [[32minfo[39m]: [32mconnected to mongodb[39m
2025-02-18 12:48:39 [[32minfo[39m]: [32mtrue[39m
2025-02-18 12:50:01 [[32minfo[39m]: [32mconnected to mongodb[39m
2025-02-18 12:50:21 [[32minfo[39m]: [32mconnected to mongodb[39m
2025-02-18 12:50:25 [[32minfo[39m]: [32mtrue[39m
2025-02-18 13:56:29 [[32minfo[39m]: [32mconnected to mongodb[39m
2025-02-18 13:57:02 [[32minfo[39m]: [32mtrue[39m
2025-02-18 14:02:47 [[32minfo[39m]: [32mconnected to mongodb[39m
2025-02-18 14:02:49 [[32minfo[39m]: [32mtrue[39m
2025-02-18 14:03:52 [[31merror[39m]: [31m[31merror[31m[39m
2025-02-18 14:05:20 [[32minfo[39m]: [32mconnected to mongodb[39m
2025-02-18 14:05:24 [[32minfo[39m]: [32mtrue[39m
2025-02-18 14:05:35 [[31merror[39m]: [31m[31merror[31m[39m
2025-02-18 14:06:22 [[32minfo[39m]: [32mconnected to mongodb[39m
2025-02-18 14:06:49 [[32minfo[39m]: [32mconnected to mongodb[39m
2025-02-18 14:08:04 [[31merror[39m]: [31m[31merror[31m[39m
2025-02-18 14:08:16 [[31merror[39m]: [31m[31merror[31m[39m
2025-02-18 14:08:32 [[32minfo[39m]: [32mtrue[39m
2025-02-18 14:09:25 [[31merror[39m]: [31m[31merror[31m[39m
2025-02-18 14:11:56 [[32minfo[39m]: [32mconnected to mongodb[39m
2025-02-18 14:12:55 [[32minfo[39m]: [32mtrue[39m
2025-02-18 14:16:43 [[32minfo[39m]: [32mconnected to mongodb[39m
2025-02-18 14:16:55 [[32minfo[39m]: [32mtrue[39m
2025-02-18 14:18:20 [[32minfo[39m]: [32mconnected to mongodb[39m
2025-02-18 14:18:35 [[32minfo[39m]: [32mtrue[39m
2025-02-18 14:31:07 [[31merror[39m]: [31m[31merror[31m[39m
2025-02-18 14:35:05 [[32minfo[39m]: [32mconnected to mongodb[39m
2025-02-18 14:35:08 [[32minfo[39m]: [32mtrue[39m
2025-02-18 14:36:02 [[32minfo[39m]: [32mconnected to mongodb[39m
2025-02-18 14:36:04 [[32minfo[39m]: [32mtrue[39m
2025-02-18 14:38:09 [[32minfo[39m]: [32mconnected to mongodb[39m
2025-02-18 14:38:12 [[32minfo[39m]: [32mtrue[39m
2025-02-18 14:40:47 [[32minfo[39m]: [32mconnected to mongodb[39m
2025-02-18 14:40:54 [[32minfo[39m]: [32mtrue[39m
2025-02-18 14:42:00 [[32minfo[39m]: [32mconnected to mongodb[39m
2025-02-18 14:42:10 [[32minfo[39m]: [32mtrue[39m
2025-02-18 14:42:26 [[32minfo[39m]: [32mconnected to mongodb[39m
2025-02-18 14:43:03 [[32minfo[39m]: [32mtrue[39m
2025-02-18 15:31:05 [[32minfo[39m]: [32mconnected to mongodb[39m
2025-02-18 15:31:08 [[32minfo[39m]: [32mtrue[39m
2025-02-18 15:31:54 [[31merror[39m]: [31m[31merror[31m[39m
2025-02-18 15:32:19 [[31merror[39m]: [31m[31merror[31m[39m
2025-02-18 16:22:45 [[32minfo[39m]: [32mconnected to mongodb[39m
2025-02-18 16:23:07 [[31merror[39m]: [31m[31merror[31m[39m
2025-02-18 16:23:16 [[32minfo[39m]: [32mtrue[39m
2025-02-18 16:26:15 [[31merror[39m]: [31m[31merror[31m[39m
2025-02-18 16:33:14 [[32minfo[39m]: [32mconnected to mongodb[39m
2025-02-18 16:33:17 [[32minfo[39m]: [32mtrue[39m
2025-02-18 16:35:53 [[32minfo[39m]: [32mconnected to mongodb[39m
2025-02-18 16:36:34 [[32minfo[39m]: [32mClient network socket disconnected before secure TLS connection was established[39m
2025-02-18 16:36:34 [[32minfo[39m]: [32m[32minfo[32m[39m
2025-02-18 16:36:51 [[32minfo[39m]: [32mconnected to mongodb[39m
2025-02-18 16:37:02 [[32minfo[39m]: [32mtrue[39m
2025-02-18 16:37:31 [[32minfo[39m]: [32mconnected to mongodb[39m
2025-02-18 16:37:47 [[32minfo[39m]: [32mtrue[39m
2025-02-18 16:38:05 [[32minfo[39m]: [32mconnected to mongodb[39m
2025-02-18 16:38:17 [[32minfo[39m]: [32mconnected to mongodb[39m
2025-02-18 16:38:20 [[32minfo[39m]: [32mtrue[39m
2025-02-18 16:39:22 [[31merror[39m]: [31m[31merror[31m[39m
2025-02-19 11:08:46 [[32minfo[39m]: [32mconnected to mongodb[39m
2025-02-19 11:08:52 [[32minfo[39m]: [32mtrue[39m
2025-02-19 11:15:28 [[32minfo[39m]: [32mconnected to mongodb[39m
2025-02-19 11:15:34 [[32minfo[39m]: [32mtrue[39m
2025-02-19 11:16:54 [[31merror[39m]: [31m[31merror[31m[39m
2025-02-19 11:44:45 [[32minfo[39m]: [32mconnected to mongodb[39m
2025-02-19 11:44:56 [[32minfo[39m]: [32mtrue[39m
2025-02-19 11:48:11 [[32minfo[39m]: [32mconnected to mongodb[39m
2025-02-19 11:48:15 [[32minfo[39m]: [32mtrue[39m
2025-02-19 11:56:26 [[32minfo[39m]: [32mconnected to mongodb[39m
2025-02-19 11:56:33 [[32minfo[39m]: [32mtrue[39m
2025-02-19 11:57:06 [[31merror[39m]: [31m[31merror[31m[39m
2025-02-19 11:59:04 [[32minfo[39m]: [32mconnected to mongodb[39m
2025-02-19 11:59:08 [[32minfo[39m]: [32mtrue[39m
2025-02-19 11:59:20 [[32minfo[39m]: [32mconnected to mongodb[39m
2025-02-19 11:59:28 [[32minfo[39m]: [32mtrue[39m
2025-02-19 12:03:49 [[32minfo[39m]: [32mconnected to mongodb[39m
2025-02-19 12:03:53 [[32minfo[39m]: [32mtrue[39m
2025-02-19 12:04:39 [[32minfo[39m]: [32mconnected to mongodb[39m
2025-02-19 12:04:43 [[32minfo[39m]: [32mtrue[39m
2025-02-19 12:48:50 [[32minfo[39m]: [32mconnected to mongodb[39m
2025-02-19 12:49:05 [[32minfo[39m]: [32mtrue[39m
2025-02-19 12:57:41 [[32minfo[39m]: [32mconnected to mongodb[39m
2025-02-19 12:58:23 [[32minfo[39m]: [32mClient network socket disconnected before secure TLS connection was established[39m
2025-02-19 12:58:23 [[32minfo[39m]: [32m[32minfo[32m[39m
2025-02-19 13:14:52 [[32minfo[39m]: [32mconnected to mongodb[39m
2025-02-19 13:15:50 [[32minfo[39m]: [32mconnected to mongodb[39m
2025-02-19 13:15:53 [[32minfo[39m]: [32mtrue[39m
2025-02-19 13:25:20 [[32minfo[39m]: [32mconnected to mongodb[39m
2025-02-19 13:25:37 [[32minfo[39m]: [32mtrue[39m
2025-02-19 13:55:00 [[32minfo[39m]: [32mconnected to mongodb[39m
2025-02-19 13:55:07 [[32minfo[39m]: [32mtrue[39m
2025-02-19 13:55:27 [[31merror[39m]: [31m[31merror[31m[39m
2025-02-19 13:59:38 [[32minfo[39m]: [32mconnected to mongodb[39m
2025-02-19 14:01:35 [[32minfo[39m]: [32mconnected to mongodb[39m
2025-02-19 14:07:15 [[32minfo[39m]: [32mconnected to mongodb[39m
2025-02-19 14:11:55 [[32minfo[39m]: [32mconnected to mongodb[39m
2025-02-19 14:16:58 [[32minfo[39m]: [32mconnected to mongodb[39m
2025-02-19 14:17:16 [[32minfo[39m]: [32mconnected to mongodb[39m
2025-02-19 14:25:11 [[32minfo[39m]: [32mconnected to mongodb[39m
2025-02-19 14:25:50 [[31merror[39m]: [31m[31merror[31m[39m
2025-02-19 14:34:50 [[32minfo[39m]: [32mqueryA ETIMEOUT smtp.gmail.com[39m
2025-02-19 14:34:50 [[32minfo[39m]: [32m[32minfo[32m[39m
2025-02-19 14:37:04 [[31merror[39m]: [31m[31merror[31m[39m
2025-02-19 14:39:08 [[32minfo[39m]: [32mconnected to mongodb[39m
2025-02-19 14:39:11 [[32minfo[39m]: [32mtrue[39m
2025-02-19 14:39:23 [[31merror[39m]: [31m[31merror[31m[39m
2025-02-19 14:41:19 [[31merror[39m]: [31m[31merror[31m[39m
2025-02-19 14:41:55 [[32minfo[39m]: [32mconnected to mongodb[39m
2025-02-19 14:41:59 [[32minfo[39m]: [32mtrue[39m
2025-02-19 14:43:49 [[31merror[39m]: [31m[31merror[31m[39m
2025-02-19 14:46:13 [[32minfo[39m]: [32mconnected to mongodb[39m
2025-02-19 14:46:15 [[32minfo[39m]: [32mtrue[39m
2025-02-19 14:46:26 [[31merror[39m]: [31m[31merror[31m[39m
2025-02-19 14:51:07 [[32minfo[39m]: [32mconnected to mongodb[39m
2025-02-19 14:51:12 [[32minfo[39m]: [32mtrue[39m
2025-02-19 14:56:38 [[32minfo[39m]: [32mconnected to mongodb[39m
2025-02-19 14:56:48 [[32minfo[39m]: [32mtrue[39m
2025-02-19 15:02:27 [[32minfo[39m]: [32mconnected to mongodb[39m
2025-02-19 15:03:00 [[32minfo[39m]: [32mtrue[39m
2025-02-19 15:04:56 [[32minfo[39m]: [32mconnected to mongodb[39m
2025-02-19 15:05:16 [[32minfo[39m]: [32mtrue[39m
2025-02-19 15:06:13 [[31merror[39m]: [31m[31merror[31m[39m
2025-02-19 15:07:32 [[32minfo[39m]: [32mconnected to mongodb[39m
2025-02-19 15:07:56 [[32minfo[39m]: [32mconnected to mongodb[39m
2025-02-19 15:08:15 [[32minfo[39m]: [32mtrue[39m
2025-02-19 15:17:28 [[31merror[39m]: [31m[31merror[31m[39m
2025-02-19 15:18:45 [[32minfo[39m]: [32mconnected to mongodb[39m
2025-02-19 15:19:20 [[32minfo[39m]: [32mconnect ETIMEDOUT 64.233.184.109:587[39m
2025-02-19 15:19:20 [[32minfo[39m]: [32m[32minfo[32m[39m
2025-02-19 15:20:58 [[32minfo[39m]: [32mconnected to mongodb[39m
2025-02-19 15:21:04 [[32minfo[39m]: [32mtrue[39m
2025-02-19 15:21:46 [[31merror[39m]: [31m[31merror[31m[39m
2025-02-19 15:35:07 [[32minfo[39m]: [32mconnected to mongodb[39m
2025-02-19 15:35:18 [[32minfo[39m]: [32mtrue[39m
2025-02-19 15:40:18 [[32minfo[39m]: [32mconnected to mongodb[39m
2025-02-19 15:40:23 [[32minfo[39m]: [32mtrue[39m
2025-02-19 15:41:07 [[32minfo[39m]: [32mconnected to mongodb[39m
2025-02-19 15:41:12 [[32minfo[39m]: [32mtrue[39m
2025-02-19 15:44:34 [[32minfo[39m]: [32mconnected to mongodb[39m
2025-02-19 15:44:39 [[32minfo[39m]: [32mtrue[39m
2025-02-19 15:45:14 [[32minfo[39m]: [32mconnected to mongodb[39m
2025-02-19 15:45:19 [[32minfo[39m]: [32mtrue[39m
2025-02-19 15:46:46 [[32minfo[39m]: [32mconnected to mongodb[39m
2025-02-19 15:46:52 [[32minfo[39m]: [32mtrue[39m
2025-02-19 15:47:24 [[32minfo[39m]: [32mconnected to mongodb[39m
2025-02-19 15:47:30 [[32minfo[39m]: [32mtrue[39m
2025-02-19 15:47:40 [[32minfo[39m]: [32mconnected to mongodb[39m
2025-02-19 15:48:01 [[32minfo[39m]: [32mtrue[39m
2025-02-19 15:59:32 [[32minfo[39m]: [32mconnected to mongodb[39m
2025-02-19 15:59:35 [[32minfo[39m]: [32mtrue[39m
2025-02-19 16:11:42 [[32minfo[39m]: [32mconnected to mongodb[39m
2025-02-19 16:11:45 [[32minfo[39m]: [32mtrue[39m
2025-02-19 16:15:17 [[32minfo[39m]: [32mconnected to mongodb[39m
2025-02-19 16:15:19 [[32minfo[39m]: [32mtrue[39m
2025-02-19 16:16:31 [[32minfo[39m]: [32mconnected to mongodb[39m
2025-02-19 16:16:34 [[32minfo[39m]: [32mtrue[39m
2025-02-19 16:26:53 [[32minfo[39m]: [32mconnected to mongodb[39m
2025-02-19 16:26:58 [[32minfo[39m]: [32mtrue[39m
2025-02-19 16:27:26 [[31merror[39m]: [31m[31merror[31m[39m
2025-02-19 16:28:56 [[32minfo[39m]: [32mconnected to mongodb[39m
2025-02-19 16:28:58 [[32minfo[39m]: [32mtrue[39m
2025-02-19 16:30:23 [[32minfo[39m]: [32mconnected to mongodb[39m
2025-02-19 16:30:25 [[32minfo[39m]: [32mtrue[39m
2025-02-19 16:32:19 [[31merror[39m]: [31m[31merror[31m[39m
2025-02-19 16:33:50 [[32minfo[39m]: [32mconnected to mongodb[39m
2025-02-19 16:34:11 [[32minfo[39m]: [32mtrue[39m
2025-02-19 16:34:57 [[32minfo[39m]: [32mconnected to mongodb[39m
2025-02-19 16:35:02 [[32minfo[39m]: [32mtrue[39m
2025-02-19 16:38:16 [[32minfo[39m]: [32mconnected to mongodb[39m
2025-02-19 16:38:32 [[32minfo[39m]: [32mconnected to mongodb[39m
2025-02-19 16:39:06 [[32minfo[39m]: [32mtrue[39m
2025-02-19 16:39:13 [[31merror[39m]: [31m[31merror[31m[39m
2025-02-19 16:43:25 [[32minfo[39m]: [32mconnected to mongodb[39m
2025-02-19 16:43:28 [[32minfo[39m]: [32mtrue[39m
2025-02-19 16:44:07 [[31merror[39m]: [31m[31merror[31m[39m
2025-02-19 16:44:17 [[31merror[39m]: [31m[31merror[31m[39m
2025-02-19 16:49:01 [[32minfo[39m]: [32mconnected to mongodb[39m
2025-02-19 16:49:03 [[32minfo[39m]: [32mtrue[39m
2025-02-19 16:53:49 [[32minfo[39m]: [32mconnected to mongodb[39m
2025-02-19 16:53:51 [[32minfo[39m]: [32mtrue[39m
2025-02-19 16:55:01 [[32minfo[39m]: [32mconnected to mongodb[39m
2025-02-19 16:55:03 [[32minfo[39m]: [32mtrue[39m
2025-02-19 16:55:35 [[31merror[39m]: [31m[31merror[31m[39m
2025-02-20 12:33:17 [[32minfo[39m]: [32mconnected to mongodb[39m
2025-02-20 12:33:19 [[32minfo[39m]: [32mtrue[39m
2025-02-20 12:39:00 [[31merror[39m]: [31m[31merror[31m[39m
2025-02-20 12:51:46 [[32minfo[39m]: [32mconnected to mongodb[39m
2025-02-20 12:53:11 [[32minfo[39m]: [32mconnected to mongodb[39m
2025-02-20 12:53:16 [[32minfo[39m]: [32mtrue[39m
2025-02-20 12:54:33 [[31merror[39m]: [31m[31merror[31m[39m
2025-02-20 12:57:11 [[32minfo[39m]: [32mconnected to mongodb[39m
2025-02-20 12:57:16 [[32minfo[39m]: [32mtrue[39m
2025-02-20 12:58:06 [[32minfo[39m]: [32mconnected to mongodb[39m
2025-02-20 12:58:10 [[32minfo[39m]: [32mtrue[39m
2025-02-20 12:59:56 [[32minfo[39m]: [32mconnected to mongodb[39m
2025-02-20 13:00:01 [[32minfo[39m]: [32mtrue[39m
2025-02-20 13:01:28 [[32minfo[39m]: [32mconnected to mongodb[39m
2025-02-20 13:01:42 [[32minfo[39m]: [32mtrue[39m
2025-02-20 15:31:33 [[32minfo[39m]: [32mconnected to mongodb[39m
2025-02-20 15:31:42 [[32minfo[39m]: [32mtrue[39m
2025-02-20 15:33:24 [[32minfo[39m]: [32mconnected to mongodb[39m
2025-02-20 15:33:36 [[32minfo[39m]: [32mtrue[39m
2025-02-20 15:57:55 [[32minfo[39m]: [32mconnected to mongodb[39m
2025-02-20 15:57:59 [[32minfo[39m]: [32mtrue[39m
2025-02-20 16:01:28 [[31merror[39m]: [31m[31merror[31m[39m
2025-02-20 16:02:48 [[31merror[39m]: [31m[31merror[31m[39m
2025-02-20 16:15:09 [[32minfo[39m]: [32mconnected to mongodb[39m
2025-02-20 16:15:14 [[32minfo[39m]: [32mtrue[39m
2025-02-21 00:50:38 [[32minfo[39m]: [32mconnected to mongodb[39m
2025-02-21 00:50:38 [[32minfo[39m]: [32mgetaddrinfo ENOTFOUND smtp.gmail.com[39m
2025-02-21 00:50:38 [[32minfo[39m]: [32m[32minfo[32m[39m
2025-02-21 11:02:22 [[32minfo[39m]: [32mconnected to mongodb[39m
2025-02-21 11:02:22 [[32minfo[39m]: [32mgetaddrinfo ENOTFOUND smtp.gmail.com[39m
2025-02-21 11:02:22 [[32minfo[39m]: [32m[32minfo[32m[39m
2025-02-21 11:02:40 [[31merror[39m]: [31m[31merror[31m[39m
2025-02-21 11:02:56 [[31merror[39m]: [31m[31merror[31m[39m
2025-02-21 18:11:11 [[32minfo[39m]: [32mconnected to mongodb[39m
2025-02-21 18:11:41 [[32minfo[39m]: [32mGreeting never received[39m
2025-02-21 18:11:41 [[32minfo[39m]: [32m[32minfo[32m[39m
2025-02-21 18:22:25 [[32minfo[39m]: [32mconnected to mongodb[39m
2025-02-21 18:22:55 [[32minfo[39m]: [32mread ECONNRESET[39m
2025-02-21 18:22:55 [[32minfo[39m]: [32m[32minfo[32m[39m
2025-02-21 18:42:04 [[32minfo[39m]: [32mconnected to mongodb[39m
2025-02-21 18:42:35 [[32minfo[39m]: [32mGreeting never received[39m
2025-02-21 18:42:35 [[32minfo[39m]: [32m[32minfo[32m[39m
2025-02-21 18:55:08 [[32minfo[39m]: [32mconnected to mongodb[39m
2025-02-21 18:55:38 [[32minfo[39m]: [32mGreeting never received[39m
2025-02-21 18:55:38 [[32minfo[39m]: [32m[32minfo[32m[39m
2025-02-21 19:03:11 [[32minfo[39m]: [32mconnected to mongodb[39m
2025-02-21 19:03:41 [[32minfo[39m]: [32mGreeting never received[39m
2025-02-21 19:03:41 [[32minfo[39m]: [32m[32minfo[32m[39m
2025-02-21 19:05:25 [[32minfo[39m]: [32mconnected to mongodb[39m
2025-02-21 19:05:50 [[32minfo[39m]: [32mconnected to mongodb[39m
2025-02-21 19:06:20 [[32minfo[39m]: [32mread ECONNRESET[39m
2025-02-21 19:06:20 [[32minfo[39m]: [32m[32minfo[32m[39m
2025-02-21 20:14:06 [[32minfo[39m]: [32mconnected to mongodb[39m
2025-02-21 20:14:37 [[32minfo[39m]: [32mread ECONNRESET[39m
2025-02-21 20:14:37 [[32minfo[39m]: [32m[32minfo[32m[39m
2025-02-21 20:17:23 [[32minfo[39m]: [32mconnected to mongodb[39m
2025-02-21 20:17:54 [[32minfo[39m]: [32mread ECONNRESET[39m
2025-02-21 20:17:54 [[32minfo[39m]: [32m[32minfo[32m[39m
2025-02-21 20:20:55 [[32minfo[39m]: [32mconnected to mongodb[39m
2025-02-21 20:21:27 [[32minfo[39m]: [32mGreeting never received[39m
2025-02-21 20:21:27 [[32minfo[39m]: [32m[32minfo[32m[39m
2025-02-21 20:24:48 [[32minfo[39m]: [32mconnected to mongodb[39m
2025-02-21 20:25:19 [[32minfo[39m]: [32mGreeting never received[39m
2025-02-21 20:25:19 [[32minfo[39m]: [32m[32minfo[32m[39m
2025-02-21 20:26:58 [[32minfo[39m]: [32mconnected to mongodb[39m
2025-02-21 20:27:13 [[32minfo[39m]: [32mconnected to mongodb[39m
2025-02-21 20:27:45 [[32minfo[39m]: [32mGreeting never received[39m
2025-02-21 20:27:45 [[32minfo[39m]: [32m[32minfo[32m[39m
2025-02-21 20:43:54 [[32minfo[39m]: [32mconnected to mongodb[39m
2025-02-21 20:44:25 [[32minfo[39m]: [32mGreeting never received[39m
2025-02-21 20:44:25 [[32minfo[39m]: [32m[32minfo[32m[39m
2025-02-21 20:48:43 [[32minfo[39m]: [32mconnected to mongodb[39m
2025-02-21 20:49:14 [[32minfo[39m]: [32mGreeting never received[39m
2025-02-21 20:49:14 [[32minfo[39m]: [32m[32minfo[32m[39m
2025-02-21 20:53:35 [[32minfo[39m]: [32mconnected to mongodb[39m
2025-02-21 20:54:06 [[32minfo[39m]: [32mGreeting never received[39m
2025-02-21 20:54:06 [[32minfo[39m]: [32m[32minfo[32m[39m
2025-02-21 20:55:00 [[32minfo[39m]: [32mconnected to mongodb[39m
2025-02-21 20:55:30 [[32minfo[39m]: [32mGreeting never received[39m
2025-02-21 20:55:30 [[32minfo[39m]: [32m[32minfo[32m[39m
2025-02-21 20:58:10 [[32minfo[39m]: [32mconnected to mongodb[39m
2025-02-21 20:58:41 [[32minfo[39m]: [32mGreeting never received[39m
2025-02-21 20:58:41 [[32minfo[39m]: [32m[32minfo[32m[39m
2025-02-21 21:01:16 [[32minfo[39m]: [32mconnected to mongodb[39m
2025-02-21 21:01:46 [[32minfo[39m]: [32mread ECONNRESET[39m
2025-02-21 21:01:46 [[32minfo[39m]: [32m[32minfo[32m[39m
2025-02-21 21:07:41 [[32minfo[39m]: [32mconnected to mongodb[39m
2025-02-21 21:08:12 [[32minfo[39m]: [32mGreeting never received[39m
2025-02-21 21:08:12 [[32minfo[39m]: [32m[32minfo[32m[39m
2025-02-21 21:09:43 [[32minfo[39m]: [32mconnected to mongodb[39m
2025-02-21 21:10:14 [[32minfo[39m]: [32mGreeting never received[39m
2025-02-21 21:10:14 [[32minfo[39m]: [32m[32minfo[32m[39m
2025-02-22 18:56:50 [[32minfo[39m]: [32mconnected to mongodb[39m
2025-02-22 18:56:50 [[32minfo[39m]: [32mgetaddrinfo ENOTFOUND smtp.gmail.com[39m
2025-02-22 18:56:50 [[32minfo[39m]: [32m[32minfo[32m[39m
2025-02-22 20:24:29 [[32minfo[39m]: [32mconnected to mongodb[39m
2025-02-22 20:24:41 [[32minfo[39m]: [32mtrue[39m
2025-02-23 14:18:07 [[32minfo[39m]: [32mconnected to mongodb[39m
2025-02-23 14:18:08 [[32minfo[39m]: [32mgetaddrinfo ENOTFOUND smtp.gmail.com[39m
2025-02-23 14:18:08 [[32minfo[39m]: [32m[32minfo[32m[39m
2025-02-23 14:27:37 [[32minfo[39m]: [32mconnected to mongodb[39m
2025-02-23 14:27:37 [[32minfo[39m]: [32mgetaddrinfo ENOTFOUND smtp.gmail.com[39m
2025-02-23 14:27:37 [[32minfo[39m]: [32m[32minfo[32m[39m
2025-02-23 14:32:08 [[32minfo[39m]: [32mconnected to mongodb[39m
2025-02-23 14:32:08 [[32minfo[39m]: [32mgetaddrinfo ENOTFOUND smtp.gmail.com[39m
2025-02-23 14:32:08 [[32minfo[39m]: [32m[32minfo[32m[39m
2025-02-23 14:33:48 [[32minfo[39m]: [32mconnected to mongodb[39m
2025-02-23 14:33:48 [[32minfo[39m]: [32mgetaddrinfo ENOTFOUND smtp.gmail.com[39m
2025-02-23 14:33:48 [[32minfo[39m]: [32m[32minfo[32m[39m
2025-02-23 14:34:05 [[32minfo[39m]: [32mconnected to mongodb[39m
2025-02-23 14:34:05 [[32minfo[39m]: [32mgetaddrinfo ENOTFOUND smtp.gmail.com[39m
2025-02-23 14:34:05 [[32minfo[39m]: [32m[32minfo[32m[39m
2025-02-23 14:38:05 [[32minfo[39m]: [32mconnected to mongodb[39m
2025-02-23 14:38:05 [[32minfo[39m]: [32mgetaddrinfo ENOTFOUND smtp.gmail.com[39m
2025-02-23 14:38:05 [[32minfo[39m]: [32m[32minfo[32m[39m
2025-02-23 19:25:44 [[31merror[39m]: [31m[31merror[31m[39m
2025-02-23 20:22:02 [[31merror[39m]: [31m[31merror[31m[39m
